<?xml version="1.0" encoding="UTF-8" ?>
<testsuite tests="3" failures="0" name="cucumber.options.TestRunner" time="2.698" errors="0" skipped="0">
  <properties>
[...]
</properties>
  <testcase classname="Validating Place API&apos;s" name="Verify if Place is being Succesfully added using AddPlaceAPI #1" time="2.137"/>
  <testcase classname="Validating Place API&apos;s" name="Verify if Place is being Succesfully added using AddPlaceAPI #2" time="0.341"/>
  <testcase classname="Validating Place API&apos;s" name="Verify if Delete Place functionality is working" time="0.22"/>
</testsuite>